<?xml version="1.0" encoding="UTF-8"?>
<robot generator="Robot 5.0 (Python 3.8.10 on win32)" generated="20220511 16:06:06.092" rpa="false" schemaversion="3">
<suite id="s1" name="TC Search" source="D:\Emm\Nalinee_Test\Officemate\TC_Search.robot">
<test id="s1-t1" name="TC_Search_002 Search with product name" line="8">
<kw name="Open Browser" library="Selenium2Library">
<arg>https://www.officemate.co.th/en</arg>
<arg>chrome</arg>
<doc>Opens a new browser instance to the optional ``url``.</doc>
<msg timestamp="20220511 16:06:06.320" level="INFO">Opening browser 'chrome' to base url 'https://www.officemate.co.th/en'.</msg>
<status status="PASS" starttime="20220511 16:06:06.319" endtime="20220511 16:06:14.867"/>
</kw>
<kw name="Sleep" library="BuiltIn">
<arg>10s</arg>
<doc>Pauses the test executed for the given time.</doc>
<msg timestamp="20220511 16:06:24.880" level="INFO">Slept 10 seconds</msg>
<status status="PASS" starttime="20220511 16:06:14.868" endtime="20220511 16:06:24.880"/>
</kw>
<kw name="Execute Javascript" library="Selenium2Library">
<arg>document.querySelectorAll('div[class*="sp-fancy"]').forEach(function(obj) {obj.remove()})</arg>
<doc>Executes the given JavaScript code with possible arguments.</doc>
<msg timestamp="20220511 16:06:24.882" level="INFO">Executing JavaScript:
document.querySelectorAll('div[class*="sp-fancy"]').forEach(function(obj) {obj.remove()})
Without any arguments.</msg>
<status status="PASS" starttime="20220511 16:06:24.881" endtime="20220511 16:06:24.957"/>
</kw>
<kw name="Get WebElement" library="Selenium2Library">
<var>${SearchBox}</var>
<arg>xpath=//*[@id="app"]/div[2]/div[1]/div/div[1]/div[1]/div[1]/input</arg>
<doc>Returns the first WebElement matching the given ``locator``.</doc>
<msg timestamp="20220511 16:06:25.000" level="INFO">${SearchBox} = &lt;selenium.webdriver.remote.webelement.WebElement (session="8524faea6c287ca6db4741f694a9e665", element="e40d9dd4-3c30-4936-8469-48952d50904d")&gt;</msg>
<status status="PASS" starttime="20220511 16:06:24.958" endtime="20220511 16:06:25.000"/>
</kw>
<kw name="Press Keys" library="Selenium2Library">
<arg>${SearchBox}</arg>
<arg>RETURN</arg>
<doc>Simulates the user pressing key(s) to an element or on the active browser.</doc>
<msg timestamp="20220511 16:06:25.002" level="INFO">Sending key(s) ('RETURN',) to &lt;selenium.webdriver.remote.webelement.WebElement (session="8524faea6c287ca6db4741f694a9e665", element="e40d9dd4-3c30-4936-8469-48952d50904d")&gt; element.</msg>
<msg timestamp="20220511 16:06:25.411" level="INFO">Pressing special key RETURN to element.</msg>
<msg timestamp="20220511 16:06:25.411" level="INFO">Releasing special key RETURN.</msg>
<status status="PASS" starttime="20220511 16:06:25.001" endtime="20220511 16:06:25.478"/>
</kw>
<kw name="Sleep" library="BuiltIn">
<arg>5s</arg>
<doc>Pauses the test executed for the given time.</doc>
<msg timestamp="20220511 16:06:30.480" level="INFO">Slept 5 seconds</msg>
<status status="PASS" starttime="20220511 16:06:25.479" endtime="20220511 16:06:30.480"/>
</kw>
<kw name="Input Text" library="Selenium2Library">
<arg>${SearchBox}</arg>
<arg>pencil</arg>
<doc>Types the given ``text`` into the text field identified by ``locator``.</doc>
<msg timestamp="20220511 16:06:30.482" level="INFO">Typing text 'pencil' into text field '&lt;selenium.webdriver.remote.webelement.WebElement (session="8524faea6c287ca6db4741f694a9e665", element="e40d9dd4-3c30-4936-8469-48952d50904d")&gt;'.</msg>
<status status="PASS" starttime="20220511 16:06:30.481" endtime="20220511 16:06:30.688"/>
</kw>
<kw name="Sleep" library="BuiltIn">
<arg>2s</arg>
<doc>Pauses the test executed for the given time.</doc>
<msg timestamp="20220511 16:06:32.697" level="INFO">Slept 2 seconds</msg>
<status status="PASS" starttime="20220511 16:06:30.689" endtime="20220511 16:06:32.697"/>
</kw>
<kw name="Press Keys" library="Selenium2Library">
<arg>${SearchBox}</arg>
<arg>RETURN</arg>
<doc>Simulates the user pressing key(s) to an element or on the active browser.</doc>
<msg timestamp="20220511 16:06:32.698" level="INFO">Sending key(s) ('RETURN',) to &lt;selenium.webdriver.remote.webelement.WebElement (session="8524faea6c287ca6db4741f694a9e665", element="e40d9dd4-3c30-4936-8469-48952d50904d")&gt; element.</msg>
<msg timestamp="20220511 16:06:32.978" level="INFO">Pressing special key RETURN to element.</msg>
<msg timestamp="20220511 16:06:32.978" level="INFO">Releasing special key RETURN.</msg>
<status status="PASS" starttime="20220511 16:06:32.697" endtime="20220511 16:06:33.674"/>
</kw>
<kw name="Sleep" library="BuiltIn">
<arg>5s</arg>
<doc>Pauses the test executed for the given time.</doc>
<msg timestamp="20220511 16:06:38.678" level="INFO">Slept 5 seconds</msg>
<status status="PASS" starttime="20220511 16:06:33.676" endtime="20220511 16:06:38.678"/>
</kw>
<kw name="Get Text" library="Selenium2Library">
<var>${Item Text}</var>
<arg>xpath=/html/body/div[1]/div/div[4]/div/div[3]/div/div/div/div[2]/div[2]/div[2]/div/div/div[1]/div[3]/div[1]/h2/a</arg>
<doc>Returns the text value of the element identified by ``locator``.</doc>
<msg timestamp="20220511 16:06:38.726" level="INFO">${Item Text} = ONE MD-H1215 Mechanical Pencil</msg>
<status status="PASS" starttime="20220511 16:06:38.679" endtime="20220511 16:06:38.726"/>
</kw>
<kw name="Convert To Lower Case" library="String">
<var>${Item Text Lower}</var>
<arg>"${Item Text}"</arg>
<doc>Converts string to lower case.</doc>
<msg timestamp="20220511 16:06:38.727" level="INFO">${Item Text Lower} = "one md-h1215 mechanical pencil"</msg>
<status status="PASS" starttime="20220511 16:06:38.727" endtime="20220511 16:06:38.727"/>
</kw>
<kw name="Should Contain" library="BuiltIn">
<arg>${Item Text Lower}</arg>
<arg>pencil</arg>
<doc>Fails if ``container`` does not contain ``item`` one or more times.</doc>
<status status="PASS" starttime="20220511 16:06:38.728" endtime="20220511 16:06:38.728"/>
</kw>
<kw name="Close All Browsers" library="Selenium2Library">
<doc>Closes all open browsers and resets the browser cache.</doc>
<status status="PASS" starttime="20220511 16:06:38.729" endtime="20220511 16:06:40.951"/>
</kw>
<status status="PASS" starttime="20220511 16:06:06.318" endtime="20220511 16:06:40.952"/>
</test>
<status status="PASS" starttime="20220511 16:06:06.093" endtime="20220511 16:06:40.954"/>
</suite>
<statistics>
<total>
<stat pass="1" fail="0" skip="0">All Tests</stat>
</total>
<tag>
</tag>
<suite>
<stat pass="1" fail="0" skip="0" id="s1" name="TC Search">TC Search</stat>
</suite>
</statistics>
<errors>
</errors>
</robot>
